<?xml version="1.0" encoding="UTF-8"?>
<testng-results skipped="0" failed="0" ignored="0" total="4" passed="4">
  <reporter-output>
  </reporter-output>
  <suite name="Suite" duration-ms="38" started-at="2018-12-12T20:43:32Z" finished-at="2018-12-12T20:43:32Z">
    <groups>
    </groups>
    <test name="Test" duration-ms="38" started-at="2018-12-12T20:43:32Z" finished-at="2018-12-12T20:43:32Z">
      <class name="QAclickacademy.MavenJava.SeleniumTest">
        <test-method status="PASS" signature="BrowserAutomation()[pri:0, instance:QAclickacademy.MavenJava.SeleniumTest@13c78c0b]" name="BrowserAutomation" duration-ms="0" started-at="2018-12-12T20:43:32Z" finished-at="2018-12-12T20:43:32Z">
          <reporter-output>
          </reporter-output>
        </test-method> <!-- BrowserAutomation -->
        <test-method status="PASS" signature="ElementsUI()[pri:0, instance:QAclickacademy.MavenJava.SeleniumTest@13c78c0b]" name="ElementsUI" duration-ms="0" started-at="2018-12-12T20:43:32Z" finished-at="2018-12-12T20:43:32Z">
          <reporter-output>
          </reporter-output>
        </test-method> <!-- ElementsUI -->
      </class> <!-- QAclickacademy.MavenJava.SeleniumTest -->
      <class name="QAclickacademy.MavenJava.AppiumTest">
        <test-method status="PASS" signature="AndroidApps()[pri:0, instance:QAclickacademy.MavenJava.AppiumTest@2cb4c3ab]" name="AndroidApps" duration-ms="6" started-at="2018-12-12T20:43:32Z" finished-at="2018-12-12T20:43:32Z">
          <reporter-output>
          </reporter-output>
        </test-method> <!-- AndroidApps -->
        <test-method status="PASS" signature="iOSApps()[pri:0, instance:QAclickacademy.MavenJava.AppiumTest@2cb4c3ab]" name="iOSApps" duration-ms="1" started-at="2018-12-12T20:43:32Z" finished-at="2018-12-12T20:43:32Z">
          <reporter-output>
          </reporter-output>
        </test-method> <!-- iOSApps -->
      </class> <!-- QAclickacademy.MavenJava.AppiumTest -->
    </test> <!-- Test -->
  </suite> <!-- Suite -->
</testng-results>
