<?xml version="1.0" encoding="UTF-8"?>
<!-- Generated by org.testng.reporters.JUnitXMLReporter -->
<testsuite hostname="Mustavis-MacBook-Pro.local" ignored="0" name="Test" tests="4" failures="0" timestamp="12 Dec 2018 20:43:32 GMT" time="0.038" errors="0">
  <testcase name="AndroidApps" time="0.006" classname="QAclickacademy.MavenJava.AppiumTest"/>
  <testcase name="iOSApps" time="0.001" classname="QAclickacademy.MavenJava.AppiumTest"/>
  <testcase name="BrowserAutomation" time="0.0" classname="QAclickacademy.MavenJava.SeleniumTest"/>
  <testcase name="ElementsUI" time="0.0" classname="QAclickacademy.MavenJava.SeleniumTest"/>
</testsuite> <!-- Test -->
